[0.925s] Invoking command in '/home/yahboom/Desktop/painting_robot/subteam2_driving': PYTHONPATH=/home/yahboom/Desktop/painting_robot/subteam2_driving/build/subteam2_driving/prefix_override:/home/yahboom/Desktop/painting_robot/subteam2_driving/install/subteam2_driving/lib/python3.10/site-packages:${PYTHONPATH} /usr/bin/python3 -W ignore:setup.py install is deprecated setup.py egg_info --egg-base build/subteam2_driving build --build-base /home/yahboom/Desktop/painting_robot/subteam2_driving/build/subteam2_driving/build install --record /home/yahboom/Desktop/painting_robot/subteam2_driving/build/subteam2_driving/install.log --single-version-externally-managed install_data
[1.243s] running egg_info
[1.245s] writing build/subteam2_driving/subteam2_driving.egg-info/PKG-INFO
[1.248s] writing dependency_links to build/subteam2_driving/subteam2_driving.egg-info/dependency_links.txt
[1.248s] writing entry points to build/subteam2_driving/subteam2_driving.egg-info/entry_points.txt
[1.251s] writing requirements to build/subteam2_driving/subteam2_driving.egg-info/requires.txt
[1.251s] writing top-level names to build/subteam2_driving/subteam2_driving.egg-info/top_level.txt
[1.254s] reading manifest file 'build/subteam2_driving/subteam2_driving.egg-info/SOURCES.txt'
[1.255s] writing manifest file 'build/subteam2_driving/subteam2_driving.egg-info/SOURCES.txt'
[1.257s] running build
[1.257s] running build_py
[1.257s] copying subteam2_driving/test_pattern.py -> /home/yahboom/Desktop/painting_robot/subteam2_driving/build/subteam2_driving/build/lib/subteam2_driving
[1.258s] running install
[1.258s] running install_lib
[1.258s] copying /home/yahboom/Desktop/painting_robot/subteam2_driving/build/subteam2_driving/build/lib/subteam2_driving/test_pattern.py -> /home/yahboom/Desktop/painting_robot/subteam2_driving/install/subteam2_driving/lib/python3.10/site-packages/subteam2_driving
[1.259s] byte-compiling /home/yahboom/Desktop/painting_robot/subteam2_driving/install/subteam2_driving/lib/python3.10/site-packages/subteam2_driving/test_pattern.py to test_pattern.cpython-310.pyc
[1.263s] running install_data
[1.263s] running install_egg_info
[1.264s] removing '/home/yahboom/Desktop/painting_robot/subteam2_driving/install/subteam2_driving/lib/python3.10/site-packages/subteam2_driving-0.0.0-py3.10.egg-info' (and everything under it)
[1.264s] Copying build/subteam2_driving/subteam2_driving.egg-info to /home/yahboom/Desktop/painting_robot/subteam2_driving/install/subteam2_driving/lib/python3.10/site-packages/subteam2_driving-0.0.0-py3.10.egg-info
[1.264s] running install_scripts
[1.286s] Installing drive_controller script to /home/yahboom/Desktop/painting_robot/subteam2_driving/install/subteam2_driving/lib/subteam2_driving
[1.286s] Installing test_pattern script to /home/yahboom/Desktop/painting_robot/subteam2_driving/install/subteam2_driving/lib/subteam2_driving
[1.287s] writing list of installed files to '/home/yahboom/Desktop/painting_robot/subteam2_driving/build/subteam2_driving/install.log'
[1.308s] Invoked command in '/home/yahboom/Desktop/painting_robot/subteam2_driving' returned '0': PYTHONPATH=/home/yahboom/Desktop/painting_robot/subteam2_driving/build/subteam2_driving/prefix_override:/home/yahboom/Desktop/painting_robot/subteam2_driving/install/subteam2_driving/lib/python3.10/site-packages:${PYTHONPATH} /usr/bin/python3 -W ignore:setup.py install is deprecated setup.py egg_info --egg-base build/subteam2_driving build --build-base /home/yahboom/Desktop/painting_robot/subteam2_driving/build/subteam2_driving/build install --record /home/yahboom/Desktop/painting_robot/subteam2_driving/build/subteam2_driving/install.log --single-version-externally-managed install_data
