[0.699s] Invoking command in '/home/yahboom/Desktop/painting_robot/subteam2_driving': PYTHONPATH=/home/yahboom/Desktop/painting_robot/subteam2_driving/build/subteam2_driving/prefix_override:/home/yahboom/Desktop/painting_robot/subteam2_driving/install/subteam2_driving/lib/python3.10/site-packages:${PYTHONPATH} /usr/bin/python3 -W ignore:setup.py install is deprecated setup.py egg_info --egg-base build/subteam2_driving build --build-base /home/yahboom/Desktop/painting_robot/subteam2_driving/build/subteam2_driving/build install --record /home/yahboom/Desktop/painting_robot/subteam2_driving/build/subteam2_driving/install.log --single-version-externally-managed install_data
[0.944s] running egg_info
[0.944s] writing build/subteam2_driving/subteam2_driving.egg-info/PKG-INFO
[0.953s] writing dependency_links to build/subteam2_driving/subteam2_driving.egg-info/dependency_links.txt
[0.953s] writing entry points to build/subteam2_driving/subteam2_driving.egg-info/entry_points.txt
[0.954s] writing requirements to build/subteam2_driving/subteam2_driving.egg-info/requires.txt
[0.955s] writing top-level names to build/subteam2_driving/subteam2_driving.egg-info/top_level.txt
[0.958s] reading manifest file 'build/subteam2_driving/subteam2_driving.egg-info/SOURCES.txt'
[0.958s] writing manifest file 'build/subteam2_driving/subteam2_driving.egg-info/SOURCES.txt'
[0.959s] running build
[0.959s] running build_py
[0.959s] copying subteam2_driving/test_pattern.py -> /home/yahboom/Desktop/painting_robot/subteam2_driving/build/subteam2_driving/build/lib/subteam2_driving
[0.959s] running install
[0.960s] running install_lib
[0.960s] copying /home/yahboom/Desktop/painting_robot/subteam2_driving/build/subteam2_driving/build/lib/subteam2_driving/test_pattern.py -> /home/yahboom/Desktop/painting_robot/subteam2_driving/install/subteam2_driving/lib/python3.10/site-packages/subteam2_driving
[0.961s] byte-compiling /home/yahboom/Desktop/painting_robot/subteam2_driving/install/subteam2_driving/lib/python3.10/site-packages/subteam2_driving/test_pattern.py to test_pattern.cpython-310.pyc
[0.962s] running install_data
[0.962s] running install_egg_info
[0.964s] removing '/home/yahboom/Desktop/painting_robot/subteam2_driving/install/subteam2_driving/lib/python3.10/site-packages/subteam2_driving-0.0.0-py3.10.egg-info' (and everything under it)
[0.965s] Copying build/subteam2_driving/subteam2_driving.egg-info to /home/yahboom/Desktop/painting_robot/subteam2_driving/install/subteam2_driving/lib/python3.10/site-packages/subteam2_driving-0.0.0-py3.10.egg-info
[0.965s] running install_scripts
[0.982s] Installing drive_controller script to /home/yahboom/Desktop/painting_robot/subteam2_driving/install/subteam2_driving/lib/subteam2_driving
[0.983s] Installing test_pattern script to /home/yahboom/Desktop/painting_robot/subteam2_driving/install/subteam2_driving/lib/subteam2_driving
[0.983s] writing list of installed files to '/home/yahboom/Desktop/painting_robot/subteam2_driving/build/subteam2_driving/install.log'
[1.011s] Invoked command in '/home/yahboom/Desktop/painting_robot/subteam2_driving' returned '0': PYTHONPATH=/home/yahboom/Desktop/painting_robot/subteam2_driving/build/subteam2_driving/prefix_override:/home/yahboom/Desktop/painting_robot/subteam2_driving/install/subteam2_driving/lib/python3.10/site-packages:${PYTHONPATH} /usr/bin/python3 -W ignore:setup.py install is deprecated setup.py egg_info --egg-base build/subteam2_driving build --build-base /home/yahboom/Desktop/painting_robot/subteam2_driving/build/subteam2_driving/build install --record /home/yahboom/Desktop/painting_robot/subteam2_driving/build/subteam2_driving/install.log --single-version-externally-managed install_data
