[0.497s] DEBUG:colcon:Command line arguments: ['/usr/bin/colcon', 'build']
[0.498s] DEBUG:colcon:Parsed command line arguments: Namespace(log_base=None, log_level=None, verb_name='build', build_base='build', install_base='install', merge_install=False, symlink_install=False, test_result_base=None, continue_on_error=False, executor='parallel', parallel_workers=4, event_handlers=None, ignore_user_meta=False, metas=['./colcon.meta'], base_paths=['.'], packages_ignore=None, packages_ignore_regex=None, paths=None, packages_up_to=None, packages_up_to_regex=None, packages_above=None, packages_above_and_dependencies=None, packages_above_depth=None, packages_select_by_dep=None, packages_skip_by_dep=None, packages_skip_up_to=None, packages_select_build_failed=False, packages_skip_build_finished=False, packages_select_test_failures=False, packages_skip_test_passed=False, packages_select=None, packages_skip=None, packages_select_regex=None, packages_skip_regex=None, packages_start=None, packages_end=None, allow_overriding=[], cmake_args=None, cmake_target=None, cmake_target_skip_unavailable=False, cmake_clean_cache=False, cmake_clean_first=False, cmake_force_configure=False, ament_cmake_args=None, catkin_cmake_args=None, catkin_skip_building_tests=False, verb_parser=<colcon_defaults.argument_parser.defaults.DefaultArgumentsDecorator object at 0x75c6acb7a9e0>, verb_extension=<colcon_core.verb.build.BuildVerb object at 0x75c6acb7a4d0>, main=<bound method BuildVerb.main of <colcon_core.verb.build.BuildVerb object at 0x75c6acb7a4d0>>)
[0.890s] Level 1:colcon.colcon_core.package_discovery:discover_packages(colcon_meta) check parameters
[0.890s] Level 1:colcon.colcon_core.package_discovery:discover_packages(recursive) check parameters
[0.890s] Level 1:colcon.colcon_core.package_discovery:discover_packages(ignore) check parameters
[0.890s] Level 1:colcon.colcon_core.package_discovery:discover_packages(path) check parameters
[0.890s] Level 1:colcon.colcon_core.package_discovery:discover_packages(colcon_meta) discover
[0.890s] Level 1:colcon.colcon_core.package_discovery:discover_packages(recursive) discover
[0.890s] INFO:colcon.colcon_core.package_discovery:Crawling recursively for packages in '/home/yahboom/Desktop/painting_robot/subteam2_driving'
[0.890s] Level 1:colcon.colcon_core.package_identification:_identify(.) by extensions ['ignore', 'ignore_ament_install']
[0.891s] Level 1:colcon.colcon_core.package_identification:_identify(.) by extension 'ignore'
[0.891s] Level 1:colcon.colcon_core.package_identification:_identify(.) by extension 'ignore_ament_install'
[0.891s] Level 1:colcon.colcon_core.package_identification:_identify(.) by extensions ['colcon_pkg']
[0.891s] Level 1:colcon.colcon_core.package_identification:_identify(.) by extension 'colcon_pkg'
[0.891s] Level 1:colcon.colcon_core.package_identification:_identify(.) by extensions ['colcon_meta']
[0.891s] Level 1:colcon.colcon_core.package_identification:_identify(.) by extension 'colcon_meta'
[0.891s] Level 1:colcon.colcon_core.package_identification:_identify(.) by extensions ['ros']
[0.891s] Level 1:colcon.colcon_core.package_identification:_identify(.) by extension 'ros'
[0.906s] DEBUG:colcon.colcon_core.package_identification:Package '.' with type 'ros.ament_python' and name 'subteam2_driving'
[0.906s] Level 1:colcon.colcon_core.package_discovery:discover_packages(recursive) using defaults
[0.906s] Level 1:colcon.colcon_core.package_discovery:discover_packages(ignore) discover
[0.906s] Level 1:colcon.colcon_core.package_discovery:discover_packages(ignore) using defaults
[0.906s] Level 1:colcon.colcon_core.package_discovery:discover_packages(path) discover
[0.906s] Level 1:colcon.colcon_core.package_discovery:discover_packages(path) using defaults
[0.954s] Level 1:colcon.colcon_core.package_discovery:discover_packages(prefix_path) check parameters
[0.954s] Level 1:colcon.colcon_core.package_discovery:discover_packages(prefix_path) discover
[0.962s] DEBUG:colcon.colcon_installed_package_information.package_discovery:Found 19 installed packages in /home/yahboom/yahboomcar_ws/install
[0.963s] DEBUG:colcon.colcon_installed_package_information.package_discovery:Found 2 installed packages in /home/yahboom/gmapping_ws/install
[0.964s] DEBUG:colcon.colcon_installed_package_information.package_discovery:Found 76 installed packages in /home/yahboom/cartoros2/install
[0.965s] DEBUG:colcon.colcon_installed_package_information.package_discovery:Found 377 installed packages in /opt/ros/humble
[0.967s] Level 1:colcon.colcon_core.package_discovery:discover_packages(prefix_path) using defaults
[1.097s] Level 5:colcon.colcon_core.verb:set package 'subteam2_driving' build argument 'cmake_args' from command line to 'None'
[1.098s] Level 5:colcon.colcon_core.verb:set package 'subteam2_driving' build argument 'cmake_target' from command line to 'None'
[1.098s] Level 5:colcon.colcon_core.verb:set package 'subteam2_driving' build argument 'cmake_target_skip_unavailable' from command line to 'False'
[1.098s] Level 5:colcon.colcon_core.verb:set package 'subteam2_driving' build argument 'cmake_clean_cache' from command line to 'False'
[1.098s] Level 5:colcon.colcon_core.verb:set package 'subteam2_driving' build argument 'cmake_clean_first' from command line to 'False'
[1.098s] Level 5:colcon.colcon_core.verb:set package 'subteam2_driving' build argument 'cmake_force_configure' from command line to 'False'
[1.098s] Level 5:colcon.colcon_core.verb:set package 'subteam2_driving' build argument 'ament_cmake_args' from command line to 'None'
[1.098s] Level 5:colcon.colcon_core.verb:set package 'subteam2_driving' build argument 'catkin_cmake_args' from command line to 'None'
[1.098s] Level 5:colcon.colcon_core.verb:set package 'subteam2_driving' build argument 'catkin_skip_building_tests' from command line to 'False'
[1.098s] DEBUG:colcon.colcon_core.verb:Building package 'subteam2_driving' with the following arguments: {'ament_cmake_args': None, 'build_base': '/home/yahboom/Desktop/painting_robot/subteam2_driving/build/subteam2_driving', 'catkin_cmake_args': None, 'catkin_skip_building_tests': False, 'cmake_args': None, 'cmake_clean_cache': False, 'cmake_clean_first': False, 'cmake_force_configure': False, 'cmake_target': None, 'cmake_target_skip_unavailable': False, 'install_base': '/home/yahboom/Desktop/painting_robot/subteam2_driving/install/subteam2_driving', 'merge_install': False, 'path': '/home/yahboom/Desktop/painting_robot/subteam2_driving', 'symlink_install': False, 'test_result_base': None}
[1.098s] INFO:colcon.colcon_core.executor:Executing jobs using 'parallel' executor
[1.099s] DEBUG:colcon.colcon_parallel_executor.executor.parallel:run_until_complete
[1.100s] INFO:colcon.colcon_ros.task.ament_python.build:Building ROS package in '/home/yahboom/Desktop/painting_robot/subteam2_driving' with build type 'ament_python'
[1.100s] Level 1:colcon.colcon_core.shell:create_environment_hook('subteam2_driving', 'ament_prefix_path')
[1.110s] INFO:colcon.colcon_core.plugin_system:Skipping extension 'colcon_core.shell.bat': Not used on non-Windows systems
[1.110s] INFO:colcon.colcon_core.shell:Creating environment hook '/home/yahboom/Desktop/painting_robot/subteam2_driving/install/subteam2_driving/share/subteam2_driving/hook/ament_prefix_path.ps1'
[1.112s] INFO:colcon.colcon_core.shell:Creating environment descriptor '/home/yahboom/Desktop/painting_robot/subteam2_driving/install/subteam2_driving/share/subteam2_driving/hook/ament_prefix_path.dsv'
[1.114s] INFO:colcon.colcon_core.shell:Creating environment hook '/home/yahboom/Desktop/painting_robot/subteam2_driving/install/subteam2_driving/share/subteam2_driving/hook/ament_prefix_path.sh'
[1.115s] INFO:colcon.colcon_core.shell:Skip shell extension 'powershell' for command environment: Not usable outside of PowerShell
[1.116s] DEBUG:colcon.colcon_core.shell:Skip shell extension 'dsv' for command environment
[1.365s] INFO:colcon.colcon_core.task.python.build:Building Python package in '/home/yahboom/Desktop/painting_robot/subteam2_driving'
[1.366s] INFO:colcon.colcon_core.shell:Skip shell extension 'powershell' for command environment: Not usable outside of PowerShell
[1.366s] DEBUG:colcon.colcon_core.shell:Skip shell extension 'dsv' for command environment
[1.949s] DEBUG:colcon.colcon_core.event_handler.log_command:Invoking command in '/home/yahboom/Desktop/painting_robot/subteam2_driving': PYTHONPATH=/home/yahboom/Desktop/painting_robot/subteam2_driving/build/subteam2_driving/prefix_override:/home/yahboom/Desktop/painting_robot/subteam2_driving/install/subteam2_driving/lib/python3.10/site-packages:${PYTHONPATH} /usr/bin/python3 -W ignore:setup.py install is deprecated setup.py egg_info --egg-base build/subteam2_driving build --build-base /home/yahboom/Desktop/painting_robot/subteam2_driving/build/subteam2_driving/build install --record /home/yahboom/Desktop/painting_robot/subteam2_driving/build/subteam2_driving/install.log --single-version-externally-managed install_data
[2.165s] DEBUG:colcon.colcon_core.event_handler.log_command:Invoked command in '/home/yahboom/Desktop/painting_robot/subteam2_driving' returned '0': PYTHONPATH=/home/yahboom/Desktop/painting_robot/subteam2_driving/build/subteam2_driving/prefix_override:/home/yahboom/Desktop/painting_robot/subteam2_driving/install/subteam2_driving/lib/python3.10/site-packages:${PYTHONPATH} /usr/bin/python3 -W ignore:setup.py install is deprecated setup.py egg_info --egg-base build/subteam2_driving build --build-base /home/yahboom/Desktop/painting_robot/subteam2_driving/build/subteam2_driving/build install --record /home/yahboom/Desktop/painting_robot/subteam2_driving/build/subteam2_driving/install.log --single-version-externally-managed install_data
[2.177s] Level 1:colcon.colcon_core.environment:checking '/home/yahboom/Desktop/painting_robot/subteam2_driving/install/subteam2_driving' for CMake module files
[2.177s] Level 1:colcon.colcon_core.environment:checking '/home/yahboom/Desktop/painting_robot/subteam2_driving/install/subteam2_driving' for CMake config files
[2.178s] Level 1:colcon.colcon_core.environment:checking '/home/yahboom/Desktop/painting_robot/subteam2_driving/install/subteam2_driving/lib'
[2.178s] Level 1:colcon.colcon_core.environment:checking '/home/yahboom/Desktop/painting_robot/subteam2_driving/install/subteam2_driving/bin'
[2.178s] Level 1:colcon.colcon_core.environment:checking '/home/yahboom/Desktop/painting_robot/subteam2_driving/install/subteam2_driving/lib/pkgconfig/subteam2_driving.pc'
[2.178s] Level 1:colcon.colcon_core.environment:checking '/home/yahboom/Desktop/painting_robot/subteam2_driving/install/subteam2_driving/lib/python3.10/site-packages'
[2.178s] Level 1:colcon.colcon_core.shell:create_environment_hook('subteam2_driving', 'pythonpath')
[2.178s] INFO:colcon.colcon_core.shell:Creating environment hook '/home/yahboom/Desktop/painting_robot/subteam2_driving/install/subteam2_driving/share/subteam2_driving/hook/pythonpath.ps1'
[2.179s] INFO:colcon.colcon_core.shell:Creating environment descriptor '/home/yahboom/Desktop/painting_robot/subteam2_driving/install/subteam2_driving/share/subteam2_driving/hook/pythonpath.dsv'
[2.180s] INFO:colcon.colcon_core.shell:Creating environment hook '/home/yahboom/Desktop/painting_robot/subteam2_driving/install/subteam2_driving/share/subteam2_driving/hook/pythonpath.sh'
[2.181s] Level 1:colcon.colcon_core.environment:checking '/home/yahboom/Desktop/painting_robot/subteam2_driving/install/subteam2_driving/bin'
[2.181s] Level 1:colcon.colcon_core.environment:create_environment_scripts_only(subteam2_driving)
[2.181s] INFO:colcon.colcon_core.shell:Creating package script '/home/yahboom/Desktop/painting_robot/subteam2_driving/install/subteam2_driving/share/subteam2_driving/package.ps1'
[2.182s] INFO:colcon.colcon_core.shell:Creating package descriptor '/home/yahboom/Desktop/painting_robot/subteam2_driving/install/subteam2_driving/share/subteam2_driving/package.dsv'
[2.184s] INFO:colcon.colcon_core.shell:Creating package script '/home/yahboom/Desktop/painting_robot/subteam2_driving/install/subteam2_driving/share/subteam2_driving/package.sh'
[2.185s] INFO:colcon.colcon_core.shell:Creating package script '/home/yahboom/Desktop/painting_robot/subteam2_driving/install/subteam2_driving/share/subteam2_driving/package.bash'
[2.186s] INFO:colcon.colcon_core.shell:Creating package script '/home/yahboom/Desktop/painting_robot/subteam2_driving/install/subteam2_driving/share/subteam2_driving/package.zsh'
[2.188s] Level 1:colcon.colcon_core.environment:create_file_with_runtime_dependencies(/home/yahboom/Desktop/painting_robot/subteam2_driving/install/subteam2_driving/share/colcon-core/packages/subteam2_driving)
[2.189s] DEBUG:colcon.colcon_parallel_executor.executor.parallel:closing loop
[2.189s] DEBUG:colcon.colcon_parallel_executor.executor.parallel:loop closed
[2.189s] DEBUG:colcon.colcon_parallel_executor.executor.parallel:run_until_complete finished with '0'
[2.189s] DEBUG:colcon.colcon_core.event_reactor:joining thread
[2.199s] INFO:colcon.colcon_core.plugin_system:Skipping extension 'colcon_notification.desktop_notification.terminal_notifier': Not used on non-Darwin systems
[2.199s] INFO:colcon.colcon_core.plugin_system:Skipping extension 'colcon_notification.desktop_notification.win32': Not used on non-Windows systems
[2.199s] INFO:colcon.colcon_notification.desktop_notification:Sending desktop notification using 'notify2'
[2.219s] DEBUG:colcon.colcon_core.event_reactor:joined thread
[2.220s] INFO:colcon.colcon_core.shell:Creating prefix script '/home/yahboom/Desktop/painting_robot/subteam2_driving/install/local_setup.ps1'
[2.222s] INFO:colcon.colcon_core.shell:Creating prefix util module '/home/yahboom/Desktop/painting_robot/subteam2_driving/install/_local_setup_util_ps1.py'
[2.224s] INFO:colcon.colcon_core.shell:Creating prefix chain script '/home/yahboom/Desktop/painting_robot/subteam2_driving/install/setup.ps1'
[2.227s] INFO:colcon.colcon_core.shell:Creating prefix script '/home/yahboom/Desktop/painting_robot/subteam2_driving/install/local_setup.sh'
[2.228s] INFO:colcon.colcon_core.shell:Creating prefix util module '/home/yahboom/Desktop/painting_robot/subteam2_driving/install/_local_setup_util_sh.py'
[2.229s] INFO:colcon.colcon_core.shell:Creating prefix chain script '/home/yahboom/Desktop/painting_robot/subteam2_driving/install/setup.sh'
[2.233s] INFO:colcon.colcon_core.shell:Creating prefix script '/home/yahboom/Desktop/painting_robot/subteam2_driving/install/local_setup.bash'
[2.234s] INFO:colcon.colcon_core.shell:Creating prefix chain script '/home/yahboom/Desktop/painting_robot/subteam2_driving/install/setup.bash'
[2.237s] INFO:colcon.colcon_core.shell:Creating prefix script '/home/yahboom/Desktop/painting_robot/subteam2_driving/install/local_setup.zsh'
[2.239s] INFO:colcon.colcon_core.shell:Creating prefix chain script '/home/yahboom/Desktop/painting_robot/subteam2_driving/install/setup.zsh'
